C251 COMPILER V5.60.0,  FlowMeter                                                          29/05/23  09:54:42  PAGE 1   


C251 COMPILER V5.60.0, COMPILATION OF MODULE FlowMeter
OBJECT MODULE PLACED IN .\obj\FlowMeter.obj
COMPILER INVOKED BY: D:\KeilMDK\C251\BIN\C251.EXE ModBus\FlowMeter.c XSMALL OPTIMIZE(0,SPEED) BROWSE INCDIR(.\Ads1110;.\
                    -Flash;.\mcp4725;.\IIC;.\MwPro;.\Uart;.\Lcd;.\ModBus;.\Temperaturn) PRINT(.\obj\FlowMeter.lst) OBJECT(.\obj\FlowMeter.obj
                    -) 

stmt  level    source

    1          #include "main.h"
    2          #include "FlowMeter.h"
    3          #include "LcdApp.h"
    4          #include "ModBusHost.h"
    5          
    6          extern HOST_SEND_FRAME xdata  HostSendFrame;   // 发送帧
    7          extern DEVICE_READ_ACK xdata  ReadAckFrame;    // 读接收帧
    8          extern DEVICE_WRITE_ACK xdata WriteAckFrame;  // 写接收帧
    9          
   10          
   11          FLOW_VALUE xdata RealFlow[FLOW_METER_CNT];
   12          
   13          
   14          // Count :  寄存器个数
   15          void SendReadFlow(BYTE ch)
   16          {
   17   1          WORD RegCnt = 2;
   18   1          HostSendCmd(RS485, ch, CMD_READ_REG, FLOW_VALUE_REG, RegCnt, NULL);
   19   1      }
   20          
   21          
   22          void ReadFlow(BYTE ch)
   23          {
   24   1          WORD r1,r2;
   25   1          float val;
   26   1          HostBufIndex = 0;
   27   1          
   28   1          r1 = PopReg();
   29   1          r2 = PopReg(); 
   30   1          val = (float)r1 * 65536 + r2;
   31   1          RealFlow[ch-1].val = (float)(val / 1000);
   32   1      
   33   1          // 计算体积
   34   1          RealFlow[ch-1].Totol += RealFlow[ch-1].val/30/1000;
   35   1      
   36   1          #if 0
                   r1 = PopReg();
                   r2 = PopReg(); 
                   r3 = PopReg();
                   val = ((float)r1 * 65536 + r2) * 1000 + r3; 
                   //RealFlow[ch-1].Totol = (float)(val / 1000);
                   
                   
                   r1 = PopReg();
                   r2 = PopReg(); 
                   val = (float)r1 * 65536 + r2;
                   RealFlow[ch-1].Alarm = (float)(val / 1000);
                   #endif
   49   1      
   50   1          ChannelError[ch-1] = 0;
   51   1      }
   52          
   53          
   54          void FlowMeterAck(BYTE *Buf, BYTE Len)
   55          {
   56   1          BYTE ch;
   57   1          if (!ValidRtuFrame(Buf, Len))
C251 COMPILER V5.60.0,  FlowMeter                                                          29/05/23  09:54:42  PAGE 2   

   58   1          {
   59   2              //DebugMsg("Comm err\r\n",10);
   60   2              return;
   61   2          }
   62   1      
   63   1          memset(&ReadAckFrame, 0, sizeof(DEVICE_READ_ACK));
   64   1          memcpy(&ReadAckFrame, Buf, Len);
   65   1         
   66   1          ch = ReadAckFrame.Address; 
   67   1          switch(ReadAckFrame.FunctionCode)
   68   1          {      
   69   2              case CMD_READ_REG: ReadFlow(ch);   break;
   70   2          }
   71   1      }
   72          


Module Information          Static   Overlayable
------------------------------------------------
  code size            =       342     ------
  ecode size           =    ------     ------
  data size            =    ------     ------
  idata size           =    ------     ------
  pdata size           =    ------     ------
  xdata size           =       108     ------
  xdata-const size     =    ------     ------
  edata size           =        18     ------
  bit size             =    ------     ------
  ebit size            =    ------     ------
  bitaddressable size  =    ------     ------
  ebitaddressable size =    ------     ------
  far data size        =    ------     ------
  huge data size       =    ------     ------
  const size           =    ------     ------
  hconst size          =    ------     ------
End of Module Information.


C251 COMPILATION COMPLETE.  0 WARNING(S),  0 ERROR(S)
